Started GET "/" for ::1 at 2022-08-12 14:20:48 -0300
  
ActiveRecord::ConnectionNotEstablished (Can't connect to local MySQL server through socket '/var/run/mysqld/mysqld.sock' (13)):
  
activerecord (6.1.6.1) lib/active_record/connection_adapters/mysql2_adapter.rb:45:in `rescue in new_client'
activerecord (6.1.6.1) lib/active_record/connection_adapters/mysql2_adapter.rb:39:in `new_client'
activerecord (6.1.6.1) lib/active_record/connection_adapters/mysql2_adapter.rb:23:in `mysql2_connection'
activerecord (6.1.6.1) lib/active_record/connection_adapters/abstract/connection_pool.rb:882:in `public_send'
activerecord (6.1.6.1) lib/active_record/connection_adapters/abstract/connection_pool.rb:882:in `new_connection'
activerecord (6.1.6.1) lib/active_record/connection_adapters/abstract/connection_pool.rb:926:in `checkout_new_connection'
activerecord (6.1.6.1) lib/active_record/connection_adapters/abstract/connection_pool.rb:905:in `try_to_checkout_new_connection'
activerecord (6.1.6.1) lib/active_record/connection_adapters/abstract/connection_pool.rb:866:in `acquire_connection'
activerecord (6.1.6.1) lib/active_record/connection_adapters/abstract/connection_pool.rb:588:in `checkout'
activerecord (6.1.6.1) lib/active_record/connection_adapters/abstract/connection_pool.rb:428:in `connection'
activerecord (6.1.6.1) lib/active_record/connection_adapters/abstract/connection_pool.rb:1128:in `retrieve_connection'
activerecord (6.1.6.1) lib/active_record/connection_handling.rb:327:in `retrieve_connection'
activerecord (6.1.6.1) lib/active_record/connection_handling.rb:283:in `connection'
activerecord (6.1.6.1) lib/active_record/migration.rb:611:in `connection'
activerecord (6.1.6.1) lib/active_record/migration.rb:606:in `build_watcher'
activerecord (6.1.6.1) lib/active_record/migration.rb:588:in `block in call'
activerecord (6.1.6.1) lib/active_record/migration.rb:587:in `synchronize'
activerecord (6.1.6.1) lib/active_record/migration.rb:587:in `call'
actionpack (6.1.6.1) lib/action_dispatch/middleware/callbacks.rb:27:in `block in call'
activesupport (6.1.6.1) lib/active_support/callbacks.rb:98:in `run_callbacks'
actionpack (6.1.6.1) lib/action_dispatch/middleware/callbacks.rb:26:in `call'
actionpack (6.1.6.1) lib/action_dispatch/middleware/executor.rb:14:in `call'
actionpack (6.1.6.1) lib/action_dispatch/middleware/actionable_exceptions.rb:18:in `call'
actionpack (6.1.6.1) lib/action_dispatch/middleware/debug_exceptions.rb:29:in `call'
web-console (4.2.0) lib/web_console/middleware.rb:132:in `call_app'
web-console (4.2.0) lib/web_console/middleware.rb:28:in `block in call'
web-console (4.2.0) lib/web_console/middleware.rb:17:in `catch'
web-console (4.2.0) lib/web_console/middleware.rb:17:in `call'
actionpack (6.1.6.1) lib/action_dispatch/middleware/show_exceptions.rb:33:in `call'
railties (6.1.6.1) lib/rails/rack/logger.rb:37:in `call_app'
railties (6.1.6.1) lib/rails/rack/logger.rb:26:in `block in call'
activesupport (6.1.6.1) lib/active_support/tagged_logging.rb:99:in `block in tagged'
activesupport (6.1.6.1) lib/active_support/tagged_logging.rb:37:in `tagged'
activesupport (6.1.6.1) lib/active_support/tagged_logging.rb:99:in `tagged'
railties (6.1.6.1) lib/rails/rack/logger.rb:26:in `call'
sprockets-rails (3.4.2) lib/sprockets/rails/quiet_assets.rb:13:in `call'
actionpack (6.1.6.1) lib/action_dispatch/middleware/remote_ip.rb:81:in `call'
actionpack (6.1.6.1) lib/action_dispatch/middleware/request_id.rb:26:in `call'
rack (2.2.4) lib/rack/method_override.rb:24:in `call'
rack (2.2.4) lib/rack/runtime.rb:22:in `call'
activesupport (6.1.6.1) lib/active_support/cache/strategy/local_cache_middleware.rb:29:in `call'
actionpack (6.1.6.1) lib/action_dispatch/middleware/executor.rb:14:in `call'
actionpack (6.1.6.1) lib/action_dispatch/middleware/static.rb:24:in `call'
rack (2.2.4) lib/rack/sendfile.rb:110:in `call'
actionpack (6.1.6.1) lib/action_dispatch/middleware/host_authorization.rb:148:in `call'
rack-mini-profiler (2.3.4) lib/mini_profiler/profiler.rb:393:in `call'
webpacker (5.4.3) lib/webpacker/dev_server_proxy.rb:25:in `perform_request'
rack-proxy (0.7.2) lib/rack/proxy.rb:67:in `call'
railties (6.1.6.1) lib/rails/engine.rb:539:in `call'
puma (5.6.4) lib/puma/configuration.rb:252:in `call'
puma (5.6.4) lib/puma/request.rb:77:in `block in handle_request'
puma (5.6.4) lib/puma/thread_pool.rb:340:in `with_force_shutdown'
puma (5.6.4) lib/puma/request.rb:76:in `handle_request'
puma (5.6.4) lib/puma/server.rb:441:in `process_client'
puma (5.6.4) lib/puma/thread_pool.rb:147:in `block in spawn_thread'
Started GET "/" for ::1 at 2022-08-12 14:34:01 -0300
  
ActiveRecord::ConnectionNotEstablished (Access denied for user 'root'@'localhost' (using password: NO)):
  
activerecord (6.1.6.1) lib/active_record/connection_adapters/mysql2_adapter.rb:45:in `rescue in new_client'
activerecord (6.1.6.1) lib/active_record/connection_adapters/mysql2_adapter.rb:39:in `new_client'
activerecord (6.1.6.1) lib/active_record/connection_adapters/mysql2_adapter.rb:23:in `mysql2_connection'
activerecord (6.1.6.1) lib/active_record/connection_adapters/abstract/connection_pool.rb:882:in `public_send'
activerecord (6.1.6.1) lib/active_record/connection_adapters/abstract/connection_pool.rb:882:in `new_connection'
activerecord (6.1.6.1) lib/active_record/connection_adapters/abstract/connection_pool.rb:926:in `checkout_new_connection'
activerecord (6.1.6.1) lib/active_record/connection_adapters/abstract/connection_pool.rb:905:in `try_to_checkout_new_connection'
activerecord (6.1.6.1) lib/active_record/connection_adapters/abstract/connection_pool.rb:866:in `acquire_connection'
activerecord (6.1.6.1) lib/active_record/connection_adapters/abstract/connection_pool.rb:588:in `checkout'
activerecord (6.1.6.1) lib/active_record/connection_adapters/abstract/connection_pool.rb:428:in `connection'
activerecord (6.1.6.1) lib/active_record/connection_adapters/abstract/connection_pool.rb:1128:in `retrieve_connection'
activerecord (6.1.6.1) lib/active_record/connection_handling.rb:327:in `retrieve_connection'
activerecord (6.1.6.1) lib/active_record/connection_handling.rb:283:in `connection'
activerecord (6.1.6.1) lib/active_record/migration.rb:611:in `connection'
activerecord (6.1.6.1) lib/active_record/migration.rb:606:in `build_watcher'
activerecord (6.1.6.1) lib/active_record/migration.rb:588:in `block in call'
activerecord (6.1.6.1) lib/active_record/migration.rb:587:in `synchronize'
activerecord (6.1.6.1) lib/active_record/migration.rb:587:in `call'
actionpack (6.1.6.1) lib/action_dispatch/middleware/callbacks.rb:27:in `block in call'
activesupport (6.1.6.1) lib/active_support/callbacks.rb:98:in `run_callbacks'
actionpack (6.1.6.1) lib/action_dispatch/middleware/callbacks.rb:26:in `call'
actionpack (6.1.6.1) lib/action_dispatch/middleware/executor.rb:14:in `call'
actionpack (6.1.6.1) lib/action_dispatch/middleware/actionable_exceptions.rb:18:in `call'
actionpack (6.1.6.1) lib/action_dispatch/middleware/debug_exceptions.rb:29:in `call'
web-console (4.2.0) lib/web_console/middleware.rb:132:in `call_app'
web-console (4.2.0) lib/web_console/middleware.rb:28:in `block in call'
web-console (4.2.0) lib/web_console/middleware.rb:17:in `catch'
web-console (4.2.0) lib/web_console/middleware.rb:17:in `call'
actionpack (6.1.6.1) lib/action_dispatch/middleware/show_exceptions.rb:33:in `call'
railties (6.1.6.1) lib/rails/rack/logger.rb:37:in `call_app'
railties (6.1.6.1) lib/rails/rack/logger.rb:26:in `block in call'
activesupport (6.1.6.1) lib/active_support/tagged_logging.rb:99:in `block in tagged'
activesupport (6.1.6.1) lib/active_support/tagged_logging.rb:37:in `tagged'
activesupport (6.1.6.1) lib/active_support/tagged_logging.rb:99:in `tagged'
railties (6.1.6.1) lib/rails/rack/logger.rb:26:in `call'
sprockets-rails (3.4.2) lib/sprockets/rails/quiet_assets.rb:13:in `call'
actionpack (6.1.6.1) lib/action_dispatch/middleware/remote_ip.rb:81:in `call'
actionpack (6.1.6.1) lib/action_dispatch/middleware/request_id.rb:26:in `call'
rack (2.2.4) lib/rack/method_override.rb:24:in `call'
rack (2.2.4) lib/rack/runtime.rb:22:in `call'
activesupport (6.1.6.1) lib/active_support/cache/strategy/local_cache_middleware.rb:29:in `call'
actionpack (6.1.6.1) lib/action_dispatch/middleware/executor.rb:14:in `call'
actionpack (6.1.6.1) lib/action_dispatch/middleware/static.rb:24:in `call'
rack (2.2.4) lib/rack/sendfile.rb:110:in `call'
actionpack (6.1.6.1) lib/action_dispatch/middleware/host_authorization.rb:148:in `call'
rack-mini-profiler (2.3.4) lib/mini_profiler/profiler.rb:393:in `call'
webpacker (5.4.3) lib/webpacker/dev_server_proxy.rb:25:in `perform_request'
rack-proxy (0.7.2) lib/rack/proxy.rb:67:in `call'
railties (6.1.6.1) lib/rails/engine.rb:539:in `call'
puma (5.6.4) lib/puma/configuration.rb:252:in `call'
puma (5.6.4) lib/puma/request.rb:77:in `block in handle_request'
puma (5.6.4) lib/puma/thread_pool.rb:340:in `with_force_shutdown'
puma (5.6.4) lib/puma/request.rb:76:in `handle_request'
puma (5.6.4) lib/puma/server.rb:441:in `process_client'
puma (5.6.4) lib/puma/thread_pool.rb:147:in `block in spawn_thread'
  [1m[35m (8.9ms)[0m  [1m[35mCREATE DATABASE `dialog_rails_development` DEFAULT CHARACTER SET `utf8mb4`[0m
  [1m[35m (6.9ms)[0m  [1m[35mCREATE DATABASE `dialog_rails_test` DEFAULT CHARACTER SET `utf8mb4`[0m
Started GET "/" for ::1 at 2022-08-12 14:35:51 -0300
Processing by Rails::WelcomeController#index as HTML
  Rendering /home/maiolo/.rbenv/versions/2.7.4/lib/ruby/gems/2.7.0/gems/railties-6.1.6.1/lib/rails/templates/rails/welcome/index.html.erb
  Rendered /home/maiolo/.rbenv/versions/2.7.4/lib/ruby/gems/2.7.0/gems/railties-6.1.6.1/lib/rails/templates/rails/welcome/index.html.erb (Duration: 7.2ms | Allocations: 340)
Completed 200 OK in 17ms (Views: 8.5ms | ActiveRecord: 0.0ms | Allocations: 2888)


  [1m[35m (28.7ms)[0m  [1m[35mCREATE TABLE `schema_migrations` (`version` varchar(255) NOT NULL PRIMARY KEY)[0m
  [1m[35m (29.5ms)[0m  [1m[35mCREATE TABLE `ar_internal_metadata` (`key` varchar(255) NOT NULL PRIMARY KEY, `value` varchar(255), `created_at` datetime(6) NOT NULL, `updated_at` datetime(6) NOT NULL)[0m
  [1m[35m (0.9ms)[0m  [1m[34mSELECT GET_LOCK('6918008053923034530', 0)[0m
  [1m[35m (4.5ms)[0m  [1m[34mSELECT `schema_migrations`.`version` FROM `schema_migrations` ORDER BY `schema_migrations`.`version` ASC[0m
Migrating to CreateUsers (20220812174033)
  [1m[35m (0.3ms)[0m  [1m[34mSELECT RELEASE_LOCK('6918008053923034530')[0m
  [1m[35m (0.2ms)[0m  [1m[34mSELECT GET_LOCK('6918008053923034530', 0)[0m
  [1m[35m (0.3ms)[0m  [1m[34mSELECT `schema_migrations`.`version` FROM `schema_migrations` ORDER BY `schema_migrations`.`version` ASC[0m
Migrating to CreateUsers (20220812174033)
  [1m[35m (34.3ms)[0m  [1m[35mCREATE TABLE `users` (`id` bigint NOT NULL AUTO_INCREMENT PRIMARY KEY, `name` varchar(255), `age` int, `gender` varchar(255), `city` varchar(255), `state` varchar(255), `created_at` datetime(6) NOT NULL, `updated_at` datetime(6) NOT NULL)[0m
  [1m[36mTRANSACTION (0.2ms)[0m  [1m[35mBEGIN[0m
  [1m[36mActiveRecord::SchemaMigration Create (1.4ms)[0m  [1m[32mINSERT INTO `schema_migrations` (`version`) VALUES ('20220812174033')[0m
  [1m[36mTRANSACTION (7.3ms)[0m  [1m[35mCOMMIT[0m
  [1m[36mActiveRecord::InternalMetadata Load (3.2ms)[0m  [1m[34mSELECT `ar_internal_metadata`.* FROM `ar_internal_metadata` WHERE `ar_internal_metadata`.`key` = 'environment' LIMIT 1[0m
  [1m[36mTRANSACTION (0.3ms)[0m  [1m[35mBEGIN[0m
  [1m[36mActiveRecord::InternalMetadata Create (0.3ms)[0m  [1m[32mINSERT INTO `ar_internal_metadata` (`key`, `value`, `created_at`, `updated_at`) VALUES ('environment', 'development', '2022-08-12 17:42:43.853593', '2022-08-12 17:42:43.853593')[0m
  [1m[36mTRANSACTION (7.8ms)[0m  [1m[35mCOMMIT[0m
  [1m[35m (0.3ms)[0m  [1m[34mSELECT RELEASE_LOCK('6918008053923034530')[0m
  [1m[35m (0.4ms)[0m  [1m[34mSELECT `schema_migrations`.`version` FROM `schema_migrations` ORDER BY `schema_migrations`.`version` ASC[0m
Started GET "/" for ::1 at 2022-08-12 14:42:58 -0300
  [1m[35m (0.9ms)[0m  [1m[34mSELECT `schema_migrations`.`version` FROM `schema_migrations` ORDER BY `schema_migrations`.`version` ASC[0m
Processing by Rails::WelcomeController#index as HTML
  Rendering /home/maiolo/.rbenv/versions/2.7.4/lib/ruby/gems/2.7.0/gems/railties-6.1.6.1/lib/rails/templates/rails/welcome/index.html.erb
  Rendered /home/maiolo/.rbenv/versions/2.7.4/lib/ruby/gems/2.7.0/gems/railties-6.1.6.1/lib/rails/templates/rails/welcome/index.html.erb (Duration: 6.4ms | Allocations: 340)
Completed 200 OK in 12ms (Views: 7.8ms | ActiveRecord: 0.0ms | Allocations: 2497)


Started GET "/users" for ::1 at 2022-08-12 14:43:02 -0300
Processing by UsersController#index as HTML
  Rendering layout layouts/application.html.erb
  Rendering users/index.html.erb within layouts/application
  [1m[36mUser Load (1.8ms)[0m  [1m[34mSELECT `users`.* FROM `users`[0m
  ↳ app/views/users/index.html.erb:18
  Rendered users/index.html.erb within layouts/application (Duration: 5.0ms | Allocations: 1107)
[Webpacker] Compiling...
[Webpacker] Compiled all packs in /home/maiolo/code/maiolo/dialog-rails-test/rails/public/packs
[Webpacker] Hash: 0fe7dcd9d8f9ebcf52de
Version: webpack 4.46.0
Time: 1323ms
Built at: 08/12/2022 2:43:05 PM
                                     Asset       Size       Chunks                         Chunk Names
    js/application-2e212f7c8f867558ac6e.js    121 KiB  application  [emitted] [immutable]  application
js/application-2e212f7c8f867558ac6e.js.map    136 KiB  application  [emitted] [dev]        application
                             manifest.json  364 bytes               [emitted]              
Entrypoint application = js/application-2e212f7c8f867558ac6e.js js/application-2e212f7c8f867558ac6e.js.map
[./app/javascript/channels sync recursive _channel\.js$] ./app/javascript/channels sync _channel\.js$ 160 bytes {application} [built]
[./app/javascript/channels/index.js] 211 bytes {application} [built]
[./app/javascript/packs/application.js] 492 bytes {application} [built]
    + 3 hidden modules

  Rendered layout layouts/application.html.erb (Duration: 3116.2ms | Allocations: 22081)
Completed 200 OK in 3120ms (Views: 3115.8ms | ActiveRecord: 1.8ms | Allocations: 23619)


Started GET "/users/new" for ::1 at 2022-08-12 14:43:07 -0300
Processing by UsersController#new as HTML
  Rendering layout layouts/application.html.erb
  Rendering users/new.html.erb within layouts/application
  Rendered users/_form.html.erb (Duration: 24.3ms | Allocations: 5293)
  Rendered users/new.html.erb within layouts/application (Duration: 26.0ms | Allocations: 5652)
[Webpacker] Everything's up-to-date. Nothing to do
  Rendered layout layouts/application.html.erb (Duration: 34.3ms | Allocations: 8760)
Completed 200 OK in 46ms (Views: 35.5ms | ActiveRecord: 3.4ms | Allocations: 13924)


Started POST "/users" for ::1 at 2022-08-12 14:43:26 -0300
Processing by UsersController#create as HTML
  Parameters: {"authenticity_token"=>"[FILTERED]", "user"=>{"name"=>"teste", "age"=>"12", "gender"=>"m", "city"=>"são paulo", "state"=>"SP"}, "commit"=>"Create User"}
  [1m[36mTRANSACTION (1.3ms)[0m  [1m[35mBEGIN[0m
  ↳ app/controllers/users_controller.rb:27:in `block in create'
  [1m[36mUser Create (1.3ms)[0m  [1m[32mINSERT INTO `users` (`name`, `age`, `gender`, `city`, `state`, `created_at`, `updated_at`) VALUES ('teste', 12, 'm', 'são paulo', 'SP', '2022-08-12 17:43:26.010595', '2022-08-12 17:43:26.010595')[0m
  ↳ app/controllers/users_controller.rb:27:in `block in create'
  [1m[36mTRANSACTION (7.4ms)[0m  [1m[35mCOMMIT[0m
  ↳ app/controllers/users_controller.rb:27:in `block in create'
Redirected to http://localhost:3000/users/1
Completed 302 Found in 21ms (ActiveRecord: 10.0ms | Allocations: 2784)


Started GET "/users/1" for ::1 at 2022-08-12 14:43:26 -0300
Processing by UsersController#show as HTML
  Parameters: {"id"=>"1"}
  [1m[36mUser Load (1.8ms)[0m  [1m[34mSELECT `users`.* FROM `users` WHERE `users`.`id` = 1 LIMIT 1[0m
  ↳ app/controllers/users_controller.rb:63:in `set_user'
  Rendering layout layouts/application.html.erb
  Rendering users/show.html.erb within layouts/application
  Rendered users/show.html.erb within layouts/application (Duration: 1.6ms | Allocations: 357)
[Webpacker] Everything's up-to-date. Nothing to do
  Rendered layout layouts/application.html.erb (Duration: 13.3ms | Allocations: 3400)
Completed 200 OK in 30ms (Views: 13.9ms | ActiveRecord: 1.8ms | Allocations: 6442)


Started GET "/users" for ::1 at 2022-08-12 14:43:30 -0300
Processing by UsersController#index as HTML
  Rendering layout layouts/application.html.erb
  Rendering users/index.html.erb within layouts/application
  [1m[36mUser Load (1.0ms)[0m  [1m[34mSELECT `users`.* FROM `users`[0m
  ↳ app/views/users/index.html.erb:18
  Rendered users/index.html.erb within layouts/application (Duration: 5.0ms | Allocations: 921)
[Webpacker] Everything's up-to-date. Nothing to do
  Rendered layout layouts/application.html.erb (Duration: 12.9ms | Allocations: 4020)
Completed 200 OK in 14ms (Views: 12.4ms | ActiveRecord: 1.0ms | Allocations: 4416)


Started GET "/users" for ::1 at 2022-08-12 14:43:48 -0300
Processing by UsersController#index as HTML
  Rendering layout layouts/application.html.erb
  Rendering users/index.html.erb within layouts/application
  [1m[36mUser Load (1.5ms)[0m  [1m[34mSELECT `users`.* FROM `users`[0m
  ↳ app/views/users/index.html.erb:18
  Rendered users/index.html.erb within layouts/application (Duration: 6.0ms | Allocations: 922)
[Webpacker] Everything's up-to-date. Nothing to do
  Rendered layout layouts/application.html.erb (Duration: 15.0ms | Allocations: 4020)
Completed 200 OK in 17ms (Views: 14.7ms | ActiveRecord: 1.5ms | Allocations: 4422)


Started GET "/users.json" for ::1 at 2022-08-12 14:43:51 -0300
Processing by UsersController#index as JSON
  Rendering users/index.json.jbuilder
  [1m[36mUser Load (1.2ms)[0m  [1m[34mSELECT `users`.* FROM `users`[0m
  ↳ app/views/users/index.json.jbuilder:1
  Rendered collection of users/_user.json.jbuilder [1 times] (Duration: 2.0ms | Allocations: 182)
  Rendered users/index.json.jbuilder (Duration: 6.4ms | Allocations: 1335)
Completed 200 OK in 9ms (Views: 7.2ms | ActiveRecord: 1.2ms | Allocations: 2670)


  [1m[35m (3.5ms)[0m  [1m[34mSELECT `schema_migrations`.`version` FROM `schema_migrations` ORDER BY `schema_migrations`.`version` ASC[0m
  [1m[35m (0.3ms)[0m  [1m[34mSELECT `schema_migrations`.`version` FROM `schema_migrations` ORDER BY `schema_migrations`.`version` ASC[0m
  [1m[36mTRANSACTION (0.2ms)[0m  [1m[35mBEGIN[0m
  [1m[36mUser Create (1.7ms)[0m  [1m[32mINSERT INTO `users` (`name`, `age`, `gender`, `city`, `state`, `created_at`, `updated_at`) VALUES ('Lara Funk', 18, 'Non-binary', 'North Tashinaview', 'CT', '2022-08-14 15:57:19.001353', '2022-08-14 15:57:19.001353')[0m
  [1m[36mTRANSACTION (5.6ms)[0m  [1m[35mCOMMIT[0m
  [1m[36mTRANSACTION (0.2ms)[0m  [1m[35mBEGIN[0m
  [1m[36mUser Create (0.3ms)[0m  [1m[32mINSERT INTO `users` (`name`, `age`, `gender`, `city`, `state`, `created_at`, `updated_at`) VALUES ('Bernita Swift Esq.', 87, 'Genderfluid', 'New Sammouth', 'WV', '2022-08-14 15:57:19.012312', '2022-08-14 15:57:19.012312')[0m
  [1m[36mTRANSACTION (4.7ms)[0m  [1m[35mCOMMIT[0m
  [1m[36mTRANSACTION (0.2ms)[0m  [1m[35mBEGIN[0m
  [1m[36mUser Create (0.3ms)[0m  [1m[32mINSERT INTO `users` (`name`, `age`, `gender`, `city`, `state`, `created_at`, `updated_at`) VALUES ('Shamika Herman', 24, 'Agender', 'New Errolmouth', 'NH', '2022-08-14 15:57:19.020414', '2022-08-14 15:57:19.020414')[0m
  [1m[36mTRANSACTION (2.9ms)[0m  [1m[35mCOMMIT[0m
  [1m[36mTRANSACTION (0.2ms)[0m  [1m[35mBEGIN[0m
  [1m[36mUser Create (0.3ms)[0m  [1m[32mINSERT INTO `users` (`name`, `age`, `gender`, `city`, `state`, `created_at`, `updated_at`) VALUES ('Jolyn Homenick', 45, 'Male', 'Lake Colemanton', 'MO', '2022-08-14 15:57:19.026400', '2022-08-14 15:57:19.026400')[0m
  [1m[36mTRANSACTION (3.7ms)[0m  [1m[35mCOMMIT[0m
  [1m[36mTRANSACTION (0.1ms)[0m  [1m[35mBEGIN[0m
  [1m[36mUser Create (0.3ms)[0m  [1m[32mINSERT INTO `users` (`name`, `age`, `gender`, `city`, `state`, `created_at`, `updated_at`) VALUES ('Mozell Bosco DDS', 63, 'Female', 'Eugenioborough', 'MO', '2022-08-14 15:57:19.033537', '2022-08-14 15:57:19.033537')[0m
  [1m[36mTRANSACTION (3.2ms)[0m  [1m[35mCOMMIT[0m
  [1m[36mTRANSACTION (0.2ms)[0m  [1m[35mBEGIN[0m
  [1m[36mUser Create (0.3ms)[0m  [1m[32mINSERT INTO `users` (`name`, `age`, `gender`, `city`, `state`, `created_at`, `updated_at`) VALUES ('Damien Lowe', 55, 'Bigender', 'West Yasmine', 'WY', '2022-08-14 15:57:19.039631', '2022-08-14 15:57:19.039631')[0m
  [1m[36mTRANSACTION (2.5ms)[0m  [1m[35mCOMMIT[0m
  [1m[36mTRANSACTION (0.2ms)[0m  [1m[35mBEGIN[0m
  [1m[36mUser Create (0.3ms)[0m  [1m[32mINSERT INTO `users` (`name`, `age`, `gender`, `city`, `state`, `created_at`, `updated_at`) VALUES ('France Wolff VM', 92, 'Non-binary', 'New Herbert', 'SC', '2022-08-14 15:57:19.045217', '2022-08-14 15:57:19.045217')[0m
  [1m[36mTRANSACTION (3.0ms)[0m  [1m[35mCOMMIT[0m
  [1m[36mTRANSACTION (0.2ms)[0m  [1m[35mBEGIN[0m
  [1m[36mUser Create (0.3ms)[0m  [1m[32mINSERT INTO `users` (`name`, `age`, `gender`, `city`, `state`, `created_at`, `updated_at`) VALUES ('Patrick Gusikowski', 43, 'Male', 'East Felton', 'SC', '2022-08-14 15:57:19.051160', '2022-08-14 15:57:19.051160')[0m
  [1m[36mTRANSACTION (3.4ms)[0m  [1m[35mCOMMIT[0m
  [1m[36mTRANSACTION (0.2ms)[0m  [1m[35mBEGIN[0m
  [1m[36mUser Create (0.2ms)[0m  [1m[32mINSERT INTO `users` (`name`, `age`, `gender`, `city`, `state`, `created_at`, `updated_at`) VALUES ('Albertina Hodkiewicz DO', 13, 'Non-binary', 'Pagacshire', 'IL', '2022-08-14 15:57:19.057652', '2022-08-14 15:57:19.057652')[0m
  [1m[36mTRANSACTION (3.0ms)[0m  [1m[35mCOMMIT[0m
  [1m[36mTRANSACTION (0.2ms)[0m  [1m[35mBEGIN[0m
  [1m[36mUser Create (0.3ms)[0m  [1m[32mINSERT INTO `users` (`name`, `age`, `gender`, `city`, `state`, `created_at`, `updated_at`) VALUES ('Mora Feil', 52, 'Bigender', 'New Marlon', 'OR', '2022-08-14 15:57:19.063661', '2022-08-14 15:57:19.063661')[0m
  [1m[36mTRANSACTION (2.7ms)[0m  [1m[35mCOMMIT[0m
  [1m[36mTRANSACTION (0.1ms)[0m  [1m[35mBEGIN[0m
  [1m[36mUser Create (0.3ms)[0m  [1m[32mINSERT INTO `users` (`name`, `age`, `gender`, `city`, `state`, `created_at`, `updated_at`) VALUES ('Daryl Runte', 96, 'Genderfluid', 'East Pierretown', 'AR', '2022-08-14 15:57:19.069236', '2022-08-14 15:57:19.069236')[0m
  [1m[36mTRANSACTION (4.3ms)[0m  [1m[35mCOMMIT[0m
  [1m[36mTRANSACTION (0.2ms)[0m  [1m[35mBEGIN[0m
  [1m[36mUser Create (0.3ms)[0m  [1m[32mINSERT INTO `users` (`name`, `age`, `gender`, `city`, `state`, `created_at`, `updated_at`) VALUES ('George Okuneva LLD', 83, 'Male', 'East Rickie', 'ND', '2022-08-14 15:57:19.076677', '2022-08-14 15:57:19.076677')[0m
  [1m[36mTRANSACTION (3.2ms)[0m  [1m[35mCOMMIT[0m
  [1m[36mTRANSACTION (0.2ms)[0m  [1m[35mBEGIN[0m
  [1m[36mUser Create (0.2ms)[0m  [1m[32mINSERT INTO `users` (`name`, `age`, `gender`, `city`, `state`, `created_at`, `updated_at`) VALUES ('Sandra Quigley', 17, 'Female', 'Lake Allan', 'NJ', '2022-08-14 15:57:19.082918', '2022-08-14 15:57:19.082918')[0m
  [1m[36mTRANSACTION (2.1ms)[0m  [1m[35mCOMMIT[0m
  [1m[36mTRANSACTION (0.2ms)[0m  [1m[35mBEGIN[0m
  [1m[36mUser Create (0.3ms)[0m  [1m[32mINSERT INTO `users` (`name`, `age`, `gender`, `city`, `state`, `created_at`, `updated_at`) VALUES ('Katheryn Feeney', 74, 'Genderqueer', 'Claudetteton', 'KY', '2022-08-14 15:57:19.088055', '2022-08-14 15:57:19.088055')[0m
  [1m[36mTRANSACTION (2.8ms)[0m  [1m[35mCOMMIT[0m
  [1m[36mTRANSACTION (0.2ms)[0m  [1m[35mBEGIN[0m
  [1m[36mUser Create (0.2ms)[0m  [1m[32mINSERT INTO `users` (`name`, `age`, `gender`, `city`, `state`, `created_at`, `updated_at`) VALUES ('Cristine Schmitt', 24, 'Bigender', 'Vanborough', 'WA', '2022-08-14 15:57:19.093839', '2022-08-14 15:57:19.093839')[0m
  [1m[36mTRANSACTION (2.4ms)[0m  [1m[35mCOMMIT[0m
  [1m[36mTRANSACTION (0.2ms)[0m  [1m[35mBEGIN[0m
  [1m[36mUser Create (0.3ms)[0m  [1m[32mINSERT INTO `users` (`name`, `age`, `gender`, `city`, `state`, `created_at`, `updated_at`) VALUES ('Dottie Leffler', 6, 'Genderqueer', 'North Emmie', 'GA', '2022-08-14 15:57:19.099197', '2022-08-14 15:57:19.099197')[0m
  [1m[36mTRANSACTION (2.4ms)[0m  [1m[35mCOMMIT[0m
  [1m[36mTRANSACTION (0.1ms)[0m  [1m[35mBEGIN[0m
  [1m[36mUser Create (0.2ms)[0m  [1m[32mINSERT INTO `users` (`name`, `age`, `gender`, `city`, `state`, `created_at`, `updated_at`) VALUES ('Rev. Grover Gutmann', 47, 'Female', 'North Magdalena', 'FL', '2022-08-14 15:57:19.104596', '2022-08-14 15:57:19.104596')[0m
  [1m[36mTRANSACTION (2.3ms)[0m  [1m[35mCOMMIT[0m
  [1m[36mTRANSACTION (0.2ms)[0m  [1m[35mBEGIN[0m
  [1m[36mUser Create (0.3ms)[0m  [1m[32mINSERT INTO `users` (`name`, `age`, `gender`, `city`, `state`, `created_at`, `updated_at`) VALUES ('Rev. Domitila Halvorson', 32, 'Agender', 'Kuhlmanshire', 'LA', '2022-08-14 15:57:19.109710', '2022-08-14 15:57:19.109710')[0m
  [1m[36mTRANSACTION (2.7ms)[0m  [1m[35mCOMMIT[0m
  [1m[36mTRANSACTION (0.1ms)[0m  [1m[35mBEGIN[0m
  [1m[36mUser Create (0.2ms)[0m  [1m[32mINSERT INTO `users` (`name`, `age`, `gender`, `city`, `state`, `created_at`, `updated_at`) VALUES ('Jacques Pollich', 85, 'Non-binary', 'East Lacyfurt', 'MS', '2022-08-14 15:57:19.115228', '2022-08-14 15:57:19.115228')[0m
  [1m[36mTRANSACTION (3.3ms)[0m  [1m[35mCOMMIT[0m
  [1m[36mTRANSACTION (0.2ms)[0m  [1m[35mBEGIN[0m
  [1m[36mUser Create (0.2ms)[0m  [1m[32mINSERT INTO `users` (`name`, `age`, `gender`, `city`, `state`, `created_at`, `updated_at`) VALUES ('Dylan Deckow', 97, 'Female', 'Port Camelia', 'WI', '2022-08-14 15:57:19.121359', '2022-08-14 15:57:19.121359')[0m
  [1m[36mTRANSACTION (2.4ms)[0m  [1m[35mCOMMIT[0m
  [1m[36mTRANSACTION (0.1ms)[0m  [1m[35mBEGIN[0m
  [1m[36mUser Create (0.2ms)[0m  [1m[32mINSERT INTO `users` (`name`, `age`, `gender`, `city`, `state`, `created_at`, `updated_at`) VALUES ('Pres. Kraig Rosenbaum', 4, 'Female', 'South Junior', 'IA', '2022-08-14 15:57:19.126613', '2022-08-14 15:57:19.126613')[0m
  [1m[36mTRANSACTION (2.8ms)[0m  [1m[35mCOMMIT[0m
  [1m[36mTRANSACTION (0.2ms)[0m  [1m[35mBEGIN[0m
  [1m[36mUser Create (0.2ms)[0m  [1m[32mINSERT INTO `users` (`name`, `age`, `gender`, `city`, `state`, `created_at`, `updated_at`) VALUES ('Sen. Bertha Nitzsche', 70, 'Genderqueer', 'East Lynwoodmouth', 'HI', '2022-08-14 15:57:19.132240', '2022-08-14 15:57:19.132240')[0m
  [1m[36mTRANSACTION (2.1ms)[0m  [1m[35mCOMMIT[0m
  [1m[36mTRANSACTION (0.1ms)[0m  [1m[35mBEGIN[0m
  [1m[36mUser Create (0.3ms)[0m  [1m[32mINSERT INTO `users` (`name`, `age`, `gender`, `city`, `state`, `created_at`, `updated_at`) VALUES ('Kelsey Swift', 42, 'Female', 'North Dave', 'NE', '2022-08-14 15:57:19.137352', '2022-08-14 15:57:19.137352')[0m
  [1m[36mTRANSACTION (2.7ms)[0m  [1m[35mCOMMIT[0m
  [1m[36mTRANSACTION (0.1ms)[0m  [1m[35mBEGIN[0m
  [1m[36mUser Create (0.2ms)[0m  [1m[32mINSERT INTO `users` (`name`, `age`, `gender`, `city`, `state`, `created_at`, `updated_at`) VALUES ('Theron Pollich', 12, 'Genderqueer', 'Vincentshire', 'KS', '2022-08-14 15:57:19.142898', '2022-08-14 15:57:19.142898')[0m
  [1m[36mTRANSACTION (2.7ms)[0m  [1m[35mCOMMIT[0m
  [1m[36mTRANSACTION (0.2ms)[0m  [1m[35mBEGIN[0m
  [1m[36mUser Create (0.2ms)[0m  [1m[32mINSERT INTO `users` (`name`, `age`, `gender`, `city`, `state`, `created_at`, `updated_at`) VALUES ('Romaine Crooks', 93, 'Male', 'West Raphael', 'AZ', '2022-08-14 15:57:19.148335', '2022-08-14 15:57:19.148335')[0m
  [1m[36mTRANSACTION (3.1ms)[0m  [1m[35mCOMMIT[0m
  [1m[36mTRANSACTION (0.1ms)[0m  [1m[35mBEGIN[0m
  [1m[36mUser Create (0.2ms)[0m  [1m[32mINSERT INTO `users` (`name`, `age`, `gender`, `city`, `state`, `created_at`, `updated_at`) VALUES ('Magali Lowe', 69, 'Male', 'Michalfurt', 'LA', '2022-08-14 15:57:19.154712', '2022-08-14 15:57:19.154712')[0m
  [1m[36mTRANSACTION (3.7ms)[0m  [1m[35mCOMMIT[0m
  [1m[36mTRANSACTION (0.2ms)[0m  [1m[35mBEGIN[0m
  [1m[36mUser Create (0.2ms)[0m  [1m[32mINSERT INTO `users` (`name`, `age`, `gender`, `city`, `state`, `created_at`, `updated_at`) VALUES ('Noble Durgan IV', 96, 'Agender', 'Ornfurt', 'TX', '2022-08-14 15:57:19.161191', '2022-08-14 15:57:19.161191')[0m
  [1m[36mTRANSACTION (5.0ms)[0m  [1m[35mCOMMIT[0m
  [1m[36mTRANSACTION (0.2ms)[0m  [1m[35mBEGIN[0m
  [1m[36mUser Create (0.3ms)[0m  [1m[32mINSERT INTO `users` (`name`, `age`, `gender`, `city`, `state`, `created_at`, `updated_at`) VALUES ('Mrs. Irmgard McDermott', 2, 'Female', 'Hesselhaven', 'RI', '2022-08-14 15:57:19.169110', '2022-08-14 15:57:19.169110')[0m
  [1m[36mTRANSACTION (3.6ms)[0m  [1m[35mCOMMIT[0m
  [1m[36mTRANSACTION (0.1ms)[0m  [1m[35mBEGIN[0m
  [1m[36mUser Create (0.3ms)[0m  [1m[32mINSERT INTO `users` (`name`, `age`, `gender`, `city`, `state`, `created_at`, `updated_at`) VALUES ('Carolin Hermann', 69, 'Female', 'Santoburgh', 'MA', '2022-08-14 15:57:19.175776', '2022-08-14 15:57:19.175776')[0m
  [1m[36mTRANSACTION (3.4ms)[0m  [1m[35mCOMMIT[0m
  [1m[36mTRANSACTION (0.2ms)[0m  [1m[35mBEGIN[0m
  [1m[36mUser Create (0.3ms)[0m  [1m[32mINSERT INTO `users` (`name`, `age`, `gender`, `city`, `state`, `created_at`, `updated_at`) VALUES ('Liz Gottlieb', 16, 'Polygender', 'Justineside', 'KY', '2022-08-14 15:57:19.182052', '2022-08-14 15:57:19.182052')[0m
  [1m[36mTRANSACTION (3.0ms)[0m  [1m[35mCOMMIT[0m
  [1m[36mTRANSACTION (0.2ms)[0m  [1m[35mBEGIN[0m
  [1m[36mUser Create (0.3ms)[0m  [1m[32mINSERT INTO `users` (`name`, `age`, `gender`, `city`, `state`, `created_at`, `updated_at`) VALUES ('Verlie Stroman', 32, 'Male', 'East Beverly', 'VT', '2022-08-14 15:57:19.188026', '2022-08-14 15:57:19.188026')[0m
  [1m[36mTRANSACTION (3.4ms)[0m  [1m[35mCOMMIT[0m
  [1m[36mTRANSACTION (0.1ms)[0m  [1m[35mBEGIN[0m
  [1m[36mUser Create (0.3ms)[0m  [1m[32mINSERT INTO `users` (`name`, `age`, `gender`, `city`, `state`, `created_at`, `updated_at`) VALUES ('Ronald Beahan', 8, 'Genderfluid', 'New Alexander', 'NY', '2022-08-14 15:57:19.194192', '2022-08-14 15:57:19.194192')[0m
  [1m[36mTRANSACTION (2.3ms)[0m  [1m[35mCOMMIT[0m
  [1m[36mTRANSACTION (0.1ms)[0m  [1m[35mBEGIN[0m
  [1m[36mUser Create (0.2ms)[0m  [1m[32mINSERT INTO `users` (`name`, `age`, `gender`, `city`, `state`, `created_at`, `updated_at`) VALUES ('Melda Dare', 27, 'Genderqueer', 'Rosenbaumstad', 'GA', '2022-08-14 15:57:19.199347', '2022-08-14 15:57:19.199347')[0m
  [1m[36mTRANSACTION (3.0ms)[0m  [1m[35mCOMMIT[0m
  [1m[36mTRANSACTION (0.2ms)[0m  [1m[35mBEGIN[0m
  [1m[36mUser Create (0.2ms)[0m  [1m[32mINSERT INTO `users` (`name`, `age`, `gender`, `city`, `state`, `created_at`, `updated_at`) VALUES ('Gavin Lesch', 65, 'Polygender', 'Lake Krystina', 'MN', '2022-08-14 15:57:19.205192', '2022-08-14 15:57:19.205192')[0m
  [1m[36mTRANSACTION (3.5ms)[0m  [1m[35mCOMMIT[0m
  [1m[36mTRANSACTION (0.1ms)[0m  [1m[35mBEGIN[0m
  [1m[36mUser Create (0.2ms)[0m  [1m[32mINSERT INTO `users` (`name`, `age`, `gender`, `city`, `state`, `created_at`, `updated_at`) VALUES ('Preston Kautzer', 15, 'Bigender', 'Kubland', 'ND', '2022-08-14 15:57:19.211714', '2022-08-14 15:57:19.211714')[0m
  [1m[36mTRANSACTION (2.3ms)[0m  [1m[35mCOMMIT[0m
  [1m[36mTRANSACTION (0.1ms)[0m  [1m[35mBEGIN[0m
  [1m[36mUser Create (0.2ms)[0m  [1m[32mINSERT INTO `users` (`name`, `age`, `gender`, `city`, `state`, `created_at`, `updated_at`) VALUES ('Portia Hane', 14, 'Genderfluid', 'Erwinberg', 'WY', '2022-08-14 15:57:19.216940', '2022-08-14 15:57:19.216940')[0m
  [1m[36mTRANSACTION (3.1ms)[0m  [1m[35mCOMMIT[0m
  [1m[36mTRANSACTION (0.2ms)[0m  [1m[35mBEGIN[0m
  [1m[36mUser Create (0.2ms)[0m  [1m[32mINSERT INTO `users` (`name`, `age`, `gender`, `city`, `state`, `created_at`, `updated_at`) VALUES ('Connie Pfeffer LLD', 70, 'Agender', 'Maggioton', 'IL', '2022-08-14 15:57:19.222949', '2022-08-14 15:57:19.222949')[0m
  [1m[36mTRANSACTION (2.4ms)[0m  [1m[35mCOMMIT[0m
  [1m[36mTRANSACTION (0.2ms)[0m  [1m[35mBEGIN[0m
  [1m[36mUser Create (0.2ms)[0m  [1m[32mINSERT INTO `users` (`name`, `age`, `gender`, `city`, `state`, `created_at`, `updated_at`) VALUES ('Ms. Nell Stamm', 41, 'Female', 'Lemkeville', 'MT', '2022-08-14 15:57:19.228185', '2022-08-14 15:57:19.228185')[0m
  [1m[36mTRANSACTION (3.7ms)[0m  [1m[35mCOMMIT[0m
  [1m[36mTRANSACTION (0.2ms)[0m  [1m[35mBEGIN[0m
  [1m[36mUser Create (0.2ms)[0m  [1m[32mINSERT INTO `users` (`name`, `age`, `gender`, `city`, `state`, `created_at`, `updated_at`) VALUES ('Vito Connelly', 68, 'Bigender', 'East Jocelyn', 'MS', '2022-08-14 15:57:19.234745', '2022-08-14 15:57:19.234745')[0m
  [1m[36mTRANSACTION (3.4ms)[0m  [1m[35mCOMMIT[0m
  [1m[36mTRANSACTION (0.2ms)[0m  [1m[35mBEGIN[0m
  [1m[36mUser Create (0.3ms)[0m  [1m[32mINSERT INTO `users` (`name`, `age`, `gender`, `city`, `state`, `created_at`, `updated_at`) VALUES ('Mitchell Kuhn', 38, 'Bigender', 'Libradaside', 'MS', '2022-08-14 15:57:19.241069', '2022-08-14 15:57:19.241069')[0m
  [1m[36mTRANSACTION (2.3ms)[0m  [1m[35mCOMMIT[0m
  [1m[36mTRANSACTION (0.1ms)[0m  [1m[35mBEGIN[0m
  [1m[36mUser Create (0.2ms)[0m  [1m[32mINSERT INTO `users` (`name`, `age`, `gender`, `city`, `state`, `created_at`, `updated_at`) VALUES ('Jacob Jacobs IV', 72, 'Genderfluid', 'Gottliebstad', 'SC', '2022-08-14 15:57:19.246184', '2022-08-14 15:57:19.246184')[0m
  [1m[36mTRANSACTION (4.1ms)[0m  [1m[35mCOMMIT[0m
  [1m[36mTRANSACTION (0.2ms)[0m  [1m[35mBEGIN[0m
  [1m[36mUser Create (0.2ms)[0m  [1m[32mINSERT INTO `users` (`name`, `age`, `gender`, `city`, `state`, `created_at`, `updated_at`) VALUES ('Eldon Donnelly', 80, 'Genderfluid', 'West Lamontchester', 'IA', '2022-08-14 15:57:19.253034', '2022-08-14 15:57:19.253034')[0m
  [1m[36mTRANSACTION (2.8ms)[0m  [1m[35mCOMMIT[0m
  [1m[36mTRANSACTION (0.2ms)[0m  [1m[35mBEGIN[0m
  [1m[36mUser Create (0.3ms)[0m  [1m[32mINSERT INTO `users` (`name`, `age`, `gender`, `city`, `state`, `created_at`, `updated_at`) VALUES ('Gerald Morissette', 39, 'Non-binary', 'Bodeberg', 'WA', '2022-08-14 15:57:19.258717', '2022-08-14 15:57:19.258717')[0m
  [1m[36mTRANSACTION (4.4ms)[0m  [1m[35mCOMMIT[0m
  [1m[36mTRANSACTION (0.2ms)[0m  [1m[35mBEGIN[0m
  [1m[36mUser Create (0.3ms)[0m  [1m[32mINSERT INTO `users` (`name`, `age`, `gender`, `city`, `state`, `created_at`, `updated_at`) VALUES ('Zane Beier', 68, 'Male', 'North Norbert', 'ME', '2022-08-14 15:57:19.271996', '2022-08-14 15:57:19.271996')[0m
  [1m[36mTRANSACTION (6.1ms)[0m  [1m[35mCOMMIT[0m
  [1m[36mTRANSACTION (0.2ms)[0m  [1m[35mBEGIN[0m
  [1m[36mUser Create (0.3ms)[0m  [1m[32mINSERT INTO `users` (`name`, `age`, `gender`, `city`, `state`, `created_at`, `updated_at`) VALUES ('Shira Halvorson', 6, 'Genderqueer', 'South Antonia', 'MS', '2022-08-14 15:57:19.281557', '2022-08-14 15:57:19.281557')[0m
  [1m[36mTRANSACTION (2.9ms)[0m  [1m[35mCOMMIT[0m
  [1m[36mTRANSACTION (0.1ms)[0m  [1m[35mBEGIN[0m
  [1m[36mUser Create (0.3ms)[0m  [1m[32mINSERT INTO `users` (`name`, `age`, `gender`, `city`, `state`, `created_at`, `updated_at`) VALUES ('Royal Hauck', 20, 'Female', 'Wintertown', 'MN', '2022-08-14 15:57:19.287525', '2022-08-14 15:57:19.287525')[0m
  [1m[36mTRANSACTION (3.7ms)[0m  [1m[35mCOMMIT[0m
  [1m[36mTRANSACTION (0.1ms)[0m  [1m[35mBEGIN[0m
  [1m[36mUser Create (0.2ms)[0m  [1m[32mINSERT INTO `users` (`name`, `age`, `gender`, `city`, `state`, `created_at`, `updated_at`) VALUES ('Adele Powlowski DDS', 0, 'Genderfluid', 'South Bessieside', 'MD', '2022-08-14 15:57:19.294273', '2022-08-14 15:57:19.294273')[0m
  [1m[36mTRANSACTION (3.0ms)[0m  [1m[35mCOMMIT[0m
  [1m[36mTRANSACTION (0.1ms)[0m  [1m[35mBEGIN[0m
  [1m[36mUser Create (0.2ms)[0m  [1m[32mINSERT INTO `users` (`name`, `age`, `gender`, `city`, `state`, `created_at`, `updated_at`) VALUES ('Antonia Okuneva', 39, 'Male', 'West Roselynberg', 'NM', '2022-08-14 15:57:19.300199', '2022-08-14 15:57:19.300199')[0m
  [1m[36mTRANSACTION (2.5ms)[0m  [1m[35mCOMMIT[0m
  [1m[36mTRANSACTION (0.2ms)[0m  [1m[35mBEGIN[0m
  [1m[36mUser Create (0.3ms)[0m  [1m[32mINSERT INTO `users` (`name`, `age`, `gender`, `city`, `state`, `created_at`, `updated_at`) VALUES ('Zachery Lebsack IV', 45, 'Female', 'Brownbury', 'AL', '2022-08-14 15:57:19.305569', '2022-08-14 15:57:19.305569')[0m
  [1m[36mTRANSACTION (2.5ms)[0m  [1m[35mCOMMIT[0m
  [1m[36mTRANSACTION (0.2ms)[0m  [1m[35mBEGIN[0m
  [1m[36mUser Create (0.3ms)[0m  [1m[32mINSERT INTO `users` (`name`, `age`, `gender`, `city`, `state`, `created_at`, `updated_at`) VALUES ('Amb. Bao Schowalter', 23, 'Bigender', 'West Sterling', 'AR', '2022-08-14 15:57:19.311004', '2022-08-14 15:57:19.311004')[0m
  [1m[36mTRANSACTION (2.3ms)[0m  [1m[35mCOMMIT[0m
  [1m[36mTRANSACTION (0.2ms)[0m  [1m[35mBEGIN[0m
  [1m[36mUser Create (0.2ms)[0m  [1m[32mINSERT INTO `users` (`name`, `age`, `gender`, `city`, `state`, `created_at`, `updated_at`) VALUES ('Lorie Schaefer', 68, 'Female', 'West Myronview', 'AR', '2022-08-14 15:57:19.316292', '2022-08-14 15:57:19.316292')[0m
  [1m[36mTRANSACTION (3.1ms)[0m  [1m[35mCOMMIT[0m
  [1m[36mTRANSACTION (0.1ms)[0m  [1m[35mBEGIN[0m
  [1m[36mUser Create (0.2ms)[0m  [1m[32mINSERT INTO `users` (`name`, `age`, `gender`, `city`, `state`, `created_at`, `updated_at`) VALUES ('Ela Hammes', 94, 'Genderqueer', 'Lake Adrianne', 'DE', '2022-08-14 15:57:19.322239', '2022-08-14 15:57:19.322239')[0m
  [1m[36mTRANSACTION (2.5ms)[0m  [1m[35mCOMMIT[0m
  [1m[36mTRANSACTION (0.1ms)[0m  [1m[35mBEGIN[0m
  [1m[36mUser Create (0.2ms)[0m  [1m[32mINSERT INTO `users` (`name`, `age`, `gender`, `city`, `state`, `created_at`, `updated_at`) VALUES ('Breann Kemmer IV', 45, 'Female', 'East Evangelina', 'SC', '2022-08-14 15:57:19.327543', '2022-08-14 15:57:19.327543')[0m
  [1m[36mTRANSACTION (2.9ms)[0m  [1m[35mCOMMIT[0m
  [1m[36mTRANSACTION (0.2ms)[0m  [1m[35mBEGIN[0m
  [1m[36mUser Create (0.2ms)[0m  [1m[32mINSERT INTO `users` (`name`, `age`, `gender`, `city`, `state`, `created_at`, `updated_at`) VALUES ('Shakira Lebsack', 67, 'Genderfluid', 'Roobhaven', 'HI', '2022-08-14 15:57:19.333310', '2022-08-14 15:57:19.333310')[0m
  [1m[36mTRANSACTION (3.2ms)[0m  [1m[35mCOMMIT[0m
  [1m[36mTRANSACTION (0.2ms)[0m  [1m[35mBEGIN[0m
  [1m[36mUser Create (0.3ms)[0m  [1m[32mINSERT INTO `users` (`name`, `age`, `gender`, `city`, `state`, `created_at`, `updated_at`) VALUES ('Clyde Kuhlman', 51, 'Male', 'Rueckerborough', 'KS', '2022-08-14 15:57:19.339284', '2022-08-14 15:57:19.339284')[0m
  [1m[36mTRANSACTION (2.2ms)[0m  [1m[35mCOMMIT[0m
  [1m[36mTRANSACTION (0.2ms)[0m  [1m[35mBEGIN[0m
  [1m[36mUser Create (0.2ms)[0m  [1m[32mINSERT INTO `users` (`name`, `age`, `gender`, `city`, `state`, `created_at`, `updated_at`) VALUES ('Corrina Streich', 53, 'Agender', 'Lake Mariastad', 'MN', '2022-08-14 15:57:19.344480', '2022-08-14 15:57:19.344480')[0m
  [1m[36mTRANSACTION (2.5ms)[0m  [1m[35mCOMMIT[0m
  [1m[36mTRANSACTION (0.2ms)[0m  [1m[35mBEGIN[0m
  [1m[36mUser Create (0.3ms)[0m  [1m[32mINSERT INTO `users` (`name`, `age`, `gender`, `city`, `state`, `created_at`, `updated_at`) VALUES ('Concha Koelpin', 23, 'Genderfluid', 'Lake Harvey', 'TN', '2022-08-14 15:57:19.350003', '2022-08-14 15:57:19.350003')[0m
  [1m[36mTRANSACTION (2.8ms)[0m  [1m[35mCOMMIT[0m
  [1m[36mTRANSACTION (0.1ms)[0m  [1m[35mBEGIN[0m
  [1m[36mUser Create (0.2ms)[0m  [1m[32mINSERT INTO `users` (`name`, `age`, `gender`, `city`, `state`, `created_at`, `updated_at`) VALUES ('Shaunte Corkery', 29, 'Male', 'South Lidia', 'KS', '2022-08-14 15:57:19.355745', '2022-08-14 15:57:19.355745')[0m
  [1m[36mTRANSACTION (2.7ms)[0m  [1m[35mCOMMIT[0m
  [1m[36mTRANSACTION (0.2ms)[0m  [1m[35mBEGIN[0m
  [1m[36mUser Create (0.2ms)[0m  [1m[32mINSERT INTO `users` (`name`, `age`, `gender`, `city`, `state`, `created_at`, `updated_at`) VALUES ('Noelia Willms', 27, 'Male', 'Port Kermitbury', 'TX', '2022-08-14 15:57:19.361139', '2022-08-14 15:57:19.361139')[0m
  [1m[36mTRANSACTION (3.0ms)[0m  [1m[35mCOMMIT[0m
  [1m[36mTRANSACTION (0.1ms)[0m  [1m[35mBEGIN[0m
  [1m[36mUser Create (0.3ms)[0m  [1m[32mINSERT INTO `users` (`name`, `age`, `gender`, `city`, `state`, `created_at`, `updated_at`) VALUES ('Mr. Shae Emmerich', 68, 'Female', 'Port Glynistown', 'TN', '2022-08-14 15:57:19.366982', '2022-08-14 15:57:19.366982')[0m
  [1m[36mTRANSACTION (4.3ms)[0m  [1m[35mCOMMIT[0m
  [1m[36mTRANSACTION (0.1ms)[0m  [1m[35mBEGIN[0m
  [1m[36mUser Create (0.2ms)[0m  [1m[32mINSERT INTO `users` (`name`, `age`, `gender`, `city`, `state`, `created_at`, `updated_at`) VALUES ('Miss Mitchell O\'Reilly', 44, 'Non-binary', 'Port Eloyport', 'OR', '2022-08-14 15:57:19.374225', '2022-08-14 15:57:19.374225')[0m
  [1m[36mTRANSACTION (3.9ms)[0m  [1m[35mCOMMIT[0m
  [1m[36mTRANSACTION (0.2ms)[0m  [1m[35mBEGIN[0m
  [1m[36mUser Create (0.9ms)[0m  [1m[32mINSERT INTO `users` (`name`, `age`, `gender`, `city`, `state`, `created_at`, `updated_at`) VALUES ('Twana Jakubowski', 56, 'Genderfluid', 'Jimmieville', 'NC', '2022-08-14 15:57:19.381935', '2022-08-14 15:57:19.381935')[0m
  [1m[36mTRANSACTION (3.0ms)[0m  [1m[35mCOMMIT[0m
  [1m[36mTRANSACTION (0.2ms)[0m  [1m[35mBEGIN[0m
  [1m[36mUser Create (0.2ms)[0m  [1m[32mINSERT INTO `users` (`name`, `age`, `gender`, `city`, `state`, `created_at`, `updated_at`) VALUES ('Fr. Andres Dooley', 15, 'Polygender', 'Bergnaumshire', 'CO', '2022-08-14 15:57:19.389543', '2022-08-14 15:57:19.389543')[0m
  [1m[36mTRANSACTION (2.6ms)[0m  [1m[35mCOMMIT[0m
  [1m[36mTRANSACTION (0.2ms)[0m  [1m[35mBEGIN[0m
  [1m[36mUser Create (0.4ms)[0m  [1m[32mINSERT INTO `users` (`name`, `age`, `gender`, `city`, `state`, `created_at`, `updated_at`) VALUES ('Garrett Kutch PhD', 49, 'Genderqueer', 'Schusterfurt', 'AZ', '2022-08-14 15:57:19.395207', '2022-08-14 15:57:19.395207')[0m
  [1m[36mTRANSACTION (3.4ms)[0m  [1m[35mCOMMIT[0m
  [1m[36mTRANSACTION (0.3ms)[0m  [1m[35mBEGIN[0m
  [1m[36mUser Create (0.3ms)[0m  [1m[32mINSERT INTO `users` (`name`, `age`, `gender`, `city`, `state`, `created_at`, `updated_at`) VALUES ('Clifford Nader', 3, 'Agender', 'Franeckiborough', 'MS', '2022-08-14 15:57:19.402464', '2022-08-14 15:57:19.402464')[0m
  [1m[36mTRANSACTION (2.5ms)[0m  [1m[35mCOMMIT[0m
  [1m[36mTRANSACTION (0.2ms)[0m  [1m[35mBEGIN[0m
  [1m[36mUser Create (0.4ms)[0m  [1m[32mINSERT INTO `users` (`name`, `age`, `gender`, `city`, `state`, `created_at`, `updated_at`) VALUES ('Virgil Ortiz DVM', 62, 'Agender', 'Lake Bernie', 'WV', '2022-08-14 15:57:19.408142', '2022-08-14 15:57:19.408142')[0m
  [1m[36mTRANSACTION (2.4ms)[0m  [1m[35mCOMMIT[0m
  [1m[36mTRANSACTION (0.2ms)[0m  [1m[35mBEGIN[0m
  [1m[36mUser Create (0.3ms)[0m  [1m[32mINSERT INTO `users` (`name`, `age`, `gender`, `city`, `state`, `created_at`, `updated_at`) VALUES ('Alethea Terry', 54, 'Male', 'Bethanytown', 'FL', '2022-08-14 15:57:19.413769', '2022-08-14 15:57:19.413769')[0m
  [1m[36mTRANSACTION (4.1ms)[0m  [1m[35mCOMMIT[0m
  [1m[36mTRANSACTION (0.1ms)[0m  [1m[35mBEGIN[0m
  [1m[36mUser Create (0.3ms)[0m  [1m[32mINSERT INTO `users` (`name`, `age`, `gender`, `city`, `state`, `created_at`, `updated_at`) VALUES ('Rico Ruecker', 28, 'Genderfluid', 'West Jean', 'IA', '2022-08-14 15:57:19.420898', '2022-08-14 15:57:19.420898')[0m
  [1m[36mTRANSACTION (2.3ms)[0m  [1m[35mCOMMIT[0m
  [1m[36mTRANSACTION (0.1ms)[0m  [1m[35mBEGIN[0m
  [1m[36mUser Create (0.2ms)[0m  [1m[32mINSERT INTO `users` (`name`, `age`, `gender`, `city`, `state`, `created_at`, `updated_at`) VALUES ('Francisco Von', 45, 'Male', 'Toyatown', 'WA', '2022-08-14 15:57:19.425973', '2022-08-14 15:57:19.425973')[0m
  [1m[36mTRANSACTION (2.7ms)[0m  [1m[35mCOMMIT[0m
  [1m[36mTRANSACTION (0.2ms)[0m  [1m[35mBEGIN[0m
  [1m[36mUser Create (0.3ms)[0m  [1m[32mINSERT INTO `users` (`name`, `age`, `gender`, `city`, `state`, `created_at`, `updated_at`) VALUES ('Teresa Dare', 86, 'Non-binary', 'East Shadport', 'OR', '2022-08-14 15:57:19.431557', '2022-08-14 15:57:19.431557')[0m
  [1m[36mTRANSACTION (2.8ms)[0m  [1m[35mCOMMIT[0m
  [1m[36mTRANSACTION (0.1ms)[0m  [1m[35mBEGIN[0m
  [1m[36mUser Create (0.2ms)[0m  [1m[32mINSERT INTO `users` (`name`, `age`, `gender`, `city`, `state`, `created_at`, `updated_at`) VALUES ('Prof. Patricia Luettgen', 71, 'Male', 'North Shirlee', 'DE', '2022-08-14 15:57:19.437366', '2022-08-14 15:57:19.437366')[0m
  [1m[36mTRANSACTION (4.3ms)[0m  [1m[35mCOMMIT[0m
  [1m[36mTRANSACTION (0.1ms)[0m  [1m[35mBEGIN[0m
  [1m[36mUser Create (0.2ms)[0m  [1m[32mINSERT INTO `users` (`name`, `age`, `gender`, `city`, `state`, `created_at`, `updated_at`) VALUES ('Bryan O\'Conner', 81, 'Genderfluid', 'South Edward', 'MO', '2022-08-14 15:57:19.444494', '2022-08-14 15:57:19.444494')[0m
  [1m[36mTRANSACTION (2.2ms)[0m  [1m[35mCOMMIT[0m
  [1m[36mTRANSACTION (0.1ms)[0m  [1m[35mBEGIN[0m
  [1m[36mUser Create (0.3ms)[0m  [1m[32mINSERT INTO `users` (`name`, `age`, `gender`, `city`, `state`, `created_at`, `updated_at`) VALUES ('Maryanna Hagenes VM', 5, 'Non-binary', 'Orlandotown', 'GA', '2022-08-14 15:57:19.449641', '2022-08-14 15:57:19.449641')[0m
  [1m[36mTRANSACTION (2.2ms)[0m  [1m[35mCOMMIT[0m
  [1m[36mTRANSACTION (0.1ms)[0m  [1m[35mBEGIN[0m
  [1m[36mUser Create (0.2ms)[0m  [1m[32mINSERT INTO `users` (`name`, `age`, `gender`, `city`, `state`, `created_at`, `updated_at`) VALUES ('Brooke Weissnat', 1, 'Agender', 'North Frankmouth', 'MO', '2022-08-14 15:57:19.454869', '2022-08-14 15:57:19.454869')[0m
  [1m[36mTRANSACTION (2.8ms)[0m  [1m[35mCOMMIT[0m
  [1m[36mTRANSACTION (0.1ms)[0m  [1m[35mBEGIN[0m
  [1m[36mUser Create (0.3ms)[0m  [1m[32mINSERT INTO `users` (`name`, `age`, `gender`, `city`, `state`, `created_at`, `updated_at`) VALUES ('Providencia Kuhn', 90, 'Female', 'Kilbackview', 'MA', '2022-08-14 15:57:19.460422', '2022-08-14 15:57:19.460422')[0m
  [1m[36mTRANSACTION (3.2ms)[0m  [1m[35mCOMMIT[0m
  [1m[36mTRANSACTION (0.1ms)[0m  [1m[35mBEGIN[0m
  [1m[36mUser Create (0.2ms)[0m  [1m[32mINSERT INTO `users` (`name`, `age`, `gender`, `city`, `state`, `created_at`, `updated_at`) VALUES ('Fr. Hailey Dietrich', 98, 'Polygender', 'North Margarette', 'NH', '2022-08-14 15:57:19.466719', '2022-08-14 15:57:19.466719')[0m
  [1m[36mTRANSACTION (3.4ms)[0m  [1m[35mCOMMIT[0m
  [1m[36mTRANSACTION (0.2ms)[0m  [1m[35mBEGIN[0m
  [1m[36mUser Create (0.3ms)[0m  [1m[32mINSERT INTO `users` (`name`, `age`, `gender`, `city`, `state`, `created_at`, `updated_at`) VALUES ('Chana Lemke MD', 69, 'Genderfluid', 'Corafort', 'CA', '2022-08-14 15:57:19.472910', '2022-08-14 15:57:19.472910')[0m
  [1m[36mTRANSACTION (2.1ms)[0m  [1m[35mCOMMIT[0m
  [1m[36mTRANSACTION (0.1ms)[0m  [1m[35mBEGIN[0m
  [1m[36mUser Create (0.2ms)[0m  [1m[32mINSERT INTO `users` (`name`, `age`, `gender`, `city`, `state`, `created_at`, `updated_at`) VALUES ('Madelyn Feil', 3, 'Genderfluid', 'South Emmett', 'NH', '2022-08-14 15:57:19.477996', '2022-08-14 15:57:19.477996')[0m
  [1m[36mTRANSACTION (3.7ms)[0m  [1m[35mCOMMIT[0m
  [1m[36mTRANSACTION (0.2ms)[0m  [1m[35mBEGIN[0m
  [1m[36mUser Create (0.3ms)[0m  [1m[32mINSERT INTO `users` (`name`, `age`, `gender`, `city`, `state`, `created_at`, `updated_at`) VALUES ('Derrick Hessel', 17, 'Male', 'North Raymondberg', 'MS', '2022-08-14 15:57:19.484505', '2022-08-14 15:57:19.484505')[0m
  [1m[36mTRANSACTION (4.1ms)[0m  [1m[35mCOMMIT[0m
  [1m[36mTRANSACTION (0.2ms)[0m  [1m[35mBEGIN[0m
  [1m[36mUser Create (0.3ms)[0m  [1m[32mINSERT INTO `users` (`name`, `age`, `gender`, `city`, `state`, `created_at`, `updated_at`) VALUES ('Milton Emard', 64, 'Polygender', 'West Angel', 'OR', '2022-08-14 15:57:19.491526', '2022-08-14 15:57:19.491526')[0m
  [1m[36mTRANSACTION (2.4ms)[0m  [1m[35mCOMMIT[0m
  [1m[36mTRANSACTION (0.2ms)[0m  [1m[35mBEGIN[0m
  [1m[36mUser Create (0.2ms)[0m  [1m[32mINSERT INTO `users` (`name`, `age`, `gender`, `city`, `state`, `created_at`, `updated_at`) VALUES ('Rep. Elden Harber', 34, 'Bigender', 'East Dane', 'NE', '2022-08-14 15:57:19.497060', '2022-08-14 15:57:19.497060')[0m
  [1m[36mTRANSACTION (3.4ms)[0m  [1m[35mCOMMIT[0m
  [1m[36mTRANSACTION (0.2ms)[0m  [1m[35mBEGIN[0m
  [1m[36mUser Create (0.2ms)[0m  [1m[32mINSERT INTO `users` (`name`, `age`, `gender`, `city`, `state`, `created_at`, `updated_at`) VALUES ('Gabriele Wuckert', 69, 'Female', 'Danialside', 'SC', '2022-08-14 15:57:19.503613', '2022-08-14 15:57:19.503613')[0m
  [1m[36mTRANSACTION (2.2ms)[0m  [1m[35mCOMMIT[0m
  [1m[36mTRANSACTION (0.2ms)[0m  [1m[35mBEGIN[0m
  [1m[36mUser Create (0.2ms)[0m  [1m[32mINSERT INTO `users` (`name`, `age`, `gender`, `city`, `state`, `created_at`, `updated_at`) VALUES ('Horace Considine', 30, 'Female', 'East Azucenachester', 'UT', '2022-08-14 15:57:19.508807', '2022-08-14 15:57:19.508807')[0m
  [1m[36mTRANSACTION (2.8ms)[0m  [1m[35mCOMMIT[0m
  [1m[36mTRANSACTION (0.1ms)[0m  [1m[35mBEGIN[0m
  [1m[36mUser Create (0.2ms)[0m  [1m[32mINSERT INTO `users` (`name`, `age`, `gender`, `city`, `state`, `created_at`, `updated_at`) VALUES ('Augustine Schmitt', 20, 'Genderqueer', 'West Nicolasport', 'SD', '2022-08-14 15:57:19.514569', '2022-08-14 15:57:19.514569')[0m
  [1m[36mTRANSACTION (3.6ms)[0m  [1m[35mCOMMIT[0m
  [1m[36mTRANSACTION (0.2ms)[0m  [1m[35mBEGIN[0m
  [1m[36mUser Create (0.3ms)[0m  [1m[32mINSERT INTO `users` (`name`, `age`, `gender`, `city`, `state`, `created_at`, `updated_at`) VALUES ('Caleb Lehner', 19, 'Agender', 'Lake Marianberg', 'TN', '2022-08-14 15:57:19.521049', '2022-08-14 15:57:19.521049')[0m
  [1m[36mTRANSACTION (2.6ms)[0m  [1m[35mCOMMIT[0m
  [1m[36mTRANSACTION (0.2ms)[0m  [1m[35mBEGIN[0m
  [1m[36mUser Create (0.3ms)[0m  [1m[32mINSERT INTO `users` (`name`, `age`, `gender`, `city`, `state`, `created_at`, `updated_at`) VALUES ('Dr. Qiana Pouros', 19, 'Genderfluid', 'Wittingshire', 'NY', '2022-08-14 15:57:19.526644', '2022-08-14 15:57:19.526644')[0m
  [1m[36mTRANSACTION (3.2ms)[0m  [1m[35mCOMMIT[0m
  [1m[36mTRANSACTION (0.2ms)[0m  [1m[35mBEGIN[0m
  [1m[36mUser Create (0.3ms)[0m  [1m[32mINSERT INTO `users` (`name`, `age`, `gender`, `city`, `state`, `created_at`, `updated_at`) VALUES ('Charlie Lubowitz CPA', 69, 'Polygender', 'Lake Rickville', 'AL', '2022-08-14 15:57:19.532741', '2022-08-14 15:57:19.532741')[0m
  [1m[36mTRANSACTION (2.3ms)[0m  [1m[35mCOMMIT[0m
  [1m[36mTRANSACTION (0.2ms)[0m  [1m[35mBEGIN[0m
  [1m[36mUser Create (0.3ms)[0m  [1m[32mINSERT INTO `users` (`name`, `age`, `gender`, `city`, `state`, `created_at`, `updated_at`) VALUES ('The Hon. Tyrone Predovic', 49, 'Female', 'Diedrastad', 'WV', '2022-08-14 15:57:19.538105', '2022-08-14 15:57:19.538105')[0m
  [1m[36mTRANSACTION (3.1ms)[0m  [1m[35mCOMMIT[0m
  [1m[36mTRANSACTION (0.1ms)[0m  [1m[35mBEGIN[0m
  [1m[36mUser Create (0.3ms)[0m  [1m[32mINSERT INTO `users` (`name`, `age`, `gender`, `city`, `state`, `created_at`, `updated_at`) VALUES ('Herbert VonRueden Ret.', 70, 'Agender', 'Lynwoodland', 'SC', '2022-08-14 15:57:19.544301', '2022-08-14 15:57:19.544301')[0m
  [1m[36mTRANSACTION (2.3ms)[0m  [1m[35mCOMMIT[0m
  [1m[36mTRANSACTION (0.1ms)[0m  [1m[35mBEGIN[0m
  [1m[36mUser Create (0.2ms)[0m  [1m[32mINSERT INTO `users` (`name`, `age`, `gender`, `city`, `state`, `created_at`, `updated_at`) VALUES ('Msgr. Rasheeda Orn', 65, 'Genderqueer', 'Port Rhettview', 'ND', '2022-08-14 15:57:19.549807', '2022-08-14 15:57:19.549807')[0m
  [1m[36mTRANSACTION (3.1ms)[0m  [1m[35mCOMMIT[0m
  [1m[36mTRANSACTION (0.1ms)[0m  [1m[35mBEGIN[0m
  [1m[36mUser Create (0.2ms)[0m  [1m[32mINSERT INTO `users` (`name`, `age`, `gender`, `city`, `state`, `created_at`, `updated_at`) VALUES ('Margorie Jones', 6, 'Non-binary', 'Gaynellemouth', 'TX', '2022-08-14 15:57:19.555994', '2022-08-14 15:57:19.555994')[0m
  [1m[36mTRANSACTION (2.9ms)[0m  [1m[35mCOMMIT[0m
  [1m[36mTRANSACTION (0.2ms)[0m  [1m[35mBEGIN[0m
  [1m[36mUser Create (0.3ms)[0m  [1m[32mINSERT INTO `users` (`name`, `age`, `gender`, `city`, `state`, `created_at`, `updated_at`) VALUES ('Sen. Valeria Upton', 43, 'Polygender', 'New Filomena', 'NM', '2022-08-14 15:57:19.561934', '2022-08-14 15:57:19.561934')[0m
  [1m[36mTRANSACTION (3.2ms)[0m  [1m[35mCOMMIT[0m
  [1m[36mTRANSACTION (0.1ms)[0m  [1m[35mBEGIN[0m
  [1m[36mUser Create (0.2ms)[0m  [1m[32mINSERT INTO `users` (`name`, `age`, `gender`, `city`, `state`, `created_at`, `updated_at`) VALUES ('Anibal Block II', 59, 'Non-binary', 'Lake Candanceborough', 'UT', '2022-08-14 15:57:19.569995', '2022-08-14 15:57:19.569995')[0m
  [1m[36mTRANSACTION (2.7ms)[0m  [1m[35mCOMMIT[0m
  [1m[36mTRANSACTION (0.2ms)[0m  [1m[35mBEGIN[0m
  [1m[36mUser Create (0.3ms)[0m  [1m[32mINSERT INTO `users` (`name`, `age`, `gender`, `city`, `state`, `created_at`, `updated_at`) VALUES ('Reba McCullough MD', 51, 'Non-binary', 'Port Lucasberg', 'RI', '2022-08-14 15:57:19.575753', '2022-08-14 15:57:19.575753')[0m
  [1m[36mTRANSACTION (2.5ms)[0m  [1m[35mCOMMIT[0m
  [1m[36mTRANSACTION (0.2ms)[0m  [1m[35mBEGIN[0m
  [1m[36mUser Create (0.3ms)[0m  [1m[32mINSERT INTO `users` (`name`, `age`, `gender`, `city`, `state`, `created_at`, `updated_at`) VALUES ('Sen. Erick Boyer', 59, 'Agender', 'East Fernando', 'NM', '2022-08-14 15:57:19.581220', '2022-08-14 15:57:19.581220')[0m
  [1m[36mTRANSACTION (3.5ms)[0m  [1m[35mCOMMIT[0m
  [1m[36mTRANSACTION (0.2ms)[0m  [1m[35mBEGIN[0m
  [1m[36mUser Create (0.3ms)[0m  [1m[32mINSERT INTO `users` (`name`, `age`, `gender`, `city`, `state`, `created_at`, `updated_at`) VALUES ('Laquanda Friesen', 81, 'Bigender', 'Vincenzaton', 'VT', '2022-08-14 15:57:19.588052', '2022-08-14 15:57:19.588052')[0m
  [1m[36mTRANSACTION (4.2ms)[0m  [1m[35mCOMMIT[0m
  [1m[36mTRANSACTION (0.1ms)[0m  [1m[35mBEGIN[0m
  [1m[36mUser Create (0.3ms)[0m  [1m[32mINSERT INTO `users` (`name`, `age`, `gender`, `city`, `state`, `created_at`, `updated_at`) VALUES ('Kimberley Collier', 37, 'Genderfluid', 'Fadelton', 'MN', '2022-08-14 15:57:19.595233', '2022-08-14 15:57:19.595233')[0m
  [1m[36mTRANSACTION (3.0ms)[0m  [1m[35mCOMMIT[0m
  [1m[36mTRANSACTION (0.2ms)[0m  [1m[35mBEGIN[0m
  [1m[36mUser Create (0.2ms)[0m  [1m[32mINSERT INTO `users` (`name`, `age`, `gender`, `city`, `state`, `created_at`, `updated_at`) VALUES ('Brice Prohaska', 37, 'Genderfluid', 'Johnsonberg', 'MO', '2022-08-14 15:57:19.601073', '2022-08-14 15:57:19.601073')[0m
  [1m[36mTRANSACTION (2.2ms)[0m  [1m[35mCOMMIT[0m
  [1m[36mTRANSACTION (0.2ms)[0m  [1m[35mBEGIN[0m
  [1m[36mUser Create (0.2ms)[0m  [1m[32mINSERT INTO `users` (`name`, `age`, `gender`, `city`, `state`, `created_at`, `updated_at`) VALUES ('Isa Brakus I', 59, 'Female', 'East Elsieside', 'NE', '2022-08-14 15:57:19.606235', '2022-08-14 15:57:19.606235')[0m
  [1m[36mTRANSACTION (3.3ms)[0m  [1m[35mCOMMIT[0m
  [1m[36mTRANSACTION (0.1ms)[0m  [1m[35mBEGIN[0m
  [1m[36mUser Create (0.2ms)[0m  [1m[32mINSERT INTO `users` (`name`, `age`, `gender`, `city`, `state`, `created_at`, `updated_at`) VALUES ('Aiko Upton', 39, 'Agender', 'New Ali', 'ND', '2022-08-14 15:57:19.612416', '2022-08-14 15:57:19.612416')[0m
  [1m[36mTRANSACTION (2.5ms)[0m  [1m[35mCOMMIT[0m
Started GET "/" for ::1 at 2022-08-14 12:57:53 -0300
  [1m[35m (0.8ms)[0m  [1m[34mSELECT `schema_migrations`.`version` FROM `schema_migrations` ORDER BY `schema_migrations`.`version` ASC[0m
Processing by Rails::WelcomeController#index as HTML
  Rendering /home/maiolo/.rbenv/versions/2.7.4/lib/ruby/gems/2.7.0/gems/railties-6.1.6.1/lib/rails/templates/rails/welcome/index.html.erb
  Rendered /home/maiolo/.rbenv/versions/2.7.4/lib/ruby/gems/2.7.0/gems/railties-6.1.6.1/lib/rails/templates/rails/welcome/index.html.erb (Duration: 7.4ms | Allocations: 340)
Completed 200 OK in 21ms (Views: 12.1ms | ActiveRecord: 0.0ms | Allocations: 2496)


Started GET "/users" for ::1 at 2022-08-14 12:57:57 -0300
Processing by UsersController#index as HTML
  Rendering layout layouts/application.html.erb
  Rendering users/index.html.erb within layouts/application
  [1m[36mUser Load (1.8ms)[0m  [1m[34mSELECT `users`.* FROM `users`[0m
  ↳ app/views/users/index.html.erb:18
  Rendered users/index.html.erb within layouts/application (Duration: 45.0ms | Allocations: 21446)
[Webpacker] Everything's up-to-date. Nothing to do
  Rendered layout layouts/application.html.erb (Duration: 64.8ms | Allocations: 26929)
Completed 200 OK in 74ms (Views: 62.6ms | ActiveRecord: 4.7ms | Allocations: 28455)


Started GET "/users" for ::1 at 2022-08-14 12:58:27 -0300
Processing by UsersController#index as HTML
  [1m[36mUser Load (0.8ms)[0m  [1m[34mSELECT `users`.* FROM `users` /* loading for inspect */ LIMIT 11[0m
Completed 500 Internal Server Error in 19ms (ActiveRecord: 0.0ms | Allocations: 8091)


  [1m[36mCACHE User Load (0.0ms)[0m  [1m[34mSELECT `users`.* FROM `users` /* loading for inspect */ LIMIT 11[0m
  
NoMethodError (undefined method `paginated' for #<User::ActiveRecord_Relation:0x0000559f0560ed80>):
  
app/controllers/users_controller.rb:5:in `index'
Started GET "/users" for ::1 at 2022-08-14 12:58:40 -0300
Processing by UsersController#index as HTML
  [1m[36mUser Load (0.7ms)[0m  [1m[34mSELECT `users`.* FROM `users` /* loading for inspect */ LIMIT 11[0m
Completed 500 Internal Server Error in 14ms (ActiveRecord: 0.0ms | Allocations: 8225)


  [1m[36mCACHE User Load (0.0ms)[0m  [1m[34mSELECT `users`.* FROM `users` /* loading for inspect */ LIMIT 11[0m
  
NoMethodError (undefined method `paginate' for #<User::ActiveRecord_Relation:0x00007f5b4c4d9af0>):
  
app/controllers/users_controller.rb:5:in `index'
Started GET "/users" for ::1 at 2022-08-14 13:11:42 -0300
  [1m[35m (0.7ms)[0m  [1m[34mSELECT `schema_migrations`.`version` FROM `schema_migrations` ORDER BY `schema_migrations`.`version` ASC[0m
Processing by UsersController#index as HTML
  Rendering layout layouts/application.html.erb
  Rendering users/index.html.erb within layouts/application
  [1m[36mUser Load (2.4ms)[0m  [1m[34mSELECT `users`.* FROM `users`[0m
  ↳ app/views/users/index.html.erb:18
  Rendered users/index.html.erb within layouts/application (Duration: 44.9ms | Allocations: 21552)
[Webpacker] Everything's up-to-date. Nothing to do
  Rendered layout layouts/application.html.erb (Duration: 68.6ms | Allocations: 27023)
Completed 200 OK in 95ms (Views: 70.1ms | ActiveRecord: 7.2ms | Allocations: 29914)


Started GET "/users" for ::1 at 2022-08-14 13:13:09 -0300
Processing by UsersController#index as HTML
  Rendering layout layouts/application.html.erb
  Rendering users/index.html.erb within layouts/application
  [1m[36mUser Load (1.0ms)[0m  [1m[34mSELECT `users`.* FROM `users`[0m
  ↳ app/views/users/index.html.erb:18
  Rendered users/index.html.erb within layouts/application (Duration: 27.2ms | Allocations: 22391)
  Rendered layout layouts/application.html.erb (Duration: 27.5ms | Allocations: 22456)
Completed 500 Internal Server Error in 29ms (ActiveRecord: 1.0ms | Allocations: 23548)


  
ActionView::Template::Error (undefined method `paginate' for #<ActionView::Base:0x00000000007e18>):
    33: <br>
    34: 
    35: <%= link_to 'New User', new_user_path %>
    36: <%= paginate @users %>
  
app/views/users/index.html.erb:36
Started GET "/users" for ::1 at 2022-08-14 13:14:16 -0300
Processing by UsersController#index as HTML
  [1m[36mUser Load (0.8ms)[0m  [1m[34mSELECT `users`.* FROM `users` /* loading for inspect */ LIMIT 11[0m
Completed 500 Internal Server Error in 18ms (ActiveRecord: 0.0ms | Allocations: 8330)


  [1m[36mCACHE User Load (0.0ms)[0m  [1m[34mSELECT `users`.* FROM `users` /* loading for inspect */ LIMIT 11[0m
  
NoMethodError (undefined method `page' for #<User::ActiveRecord_Relation:0x000055c5c426b878>):
  
app/controllers/users_controller.rb:5:in `index'
Started GET "/users" for ::1 at 2022-08-14 13:14:36 -0300
Processing by UsersController#index as HTML
  [1m[36mUser Load (0.8ms)[0m  [1m[34mSELECT `users`.* FROM `users` /* loading for inspect */ ORDER BY `users`.`name` ASC LIMIT 11[0m
Completed 500 Internal Server Error in 22ms (ActiveRecord: 3.7ms | Allocations: 8123)


  [1m[36mCACHE User Load (0.0ms)[0m  [1m[34mSELECT `users`.* FROM `users` /* loading for inspect */ ORDER BY `users`.`name` ASC LIMIT 11[0m
  
NoMethodError (undefined method `page' for #<User::ActiveRecord_Relation:0x000055c5c2a94380>):
  
app/controllers/users_controller.rb:5:in `index'
Started GET "/users" for ::1 at 2022-08-14 13:15:35 -0300
Processing by UsersController#index as HTML
Completed 500 Internal Server Error in 11ms (ActiveRecord: 0.0ms | Allocations: 4467)


  
NoMethodError (undefined method `paginates_per' for ApplicationRecord(abstract):Class):
  
app/models/application_record.rb:3:in `<class:ApplicationRecord>'
app/models/application_record.rb:1:in `<main>'
app/models/user.rb:1:in `<main>'
app/controllers/users_controller.rb:5:in `index'
Started GET "/users" for ::1 at 2022-08-14 13:16:15 -0300
  [1m[35m (0.8ms)[0m  [1m[34mSELECT `schema_migrations`.`version` FROM `schema_migrations` ORDER BY `schema_migrations`.`version` ASC[0m
Processing by UsersController#index as HTML
  Rendering layout layouts/application.html.erb
  Rendering users/index.html.erb within layouts/application
  [1m[36mUser Load (1.1ms)[0m  [1m[34mSELECT `users`.* FROM `users` ORDER BY `users`.`name` ASC LIMIT 25 OFFSET 0[0m
  ↳ app/views/users/index.html.erb:18
  [1m[35m (6.6ms)[0m  [1m[34mSELECT COUNT(*) FROM `users`[0m
  ↳ app/views/users/index.html.erb:36
  Rendered users/index.html.erb within layouts/application (Duration: 302.7ms | Allocations: 361177)
[Webpacker] Everything's up-to-date. Nothing to do
  Rendered layout layouts/application.html.erb (Duration: 310.2ms | Allocations: 366647)
Completed 200 OK in 322ms (Views: 302.7ms | ActiveRecord: 11.5ms | Allocations: 370574)


Started GET "/users?page=2" for ::1 at 2022-08-14 13:16:23 -0300
Processing by UsersController#index as HTML
  Parameters: {"page"=>"2"}
  Rendering layout layouts/application.html.erb
  Rendering users/index.html.erb within layouts/application
  [1m[36mUser Load (1.1ms)[0m  [1m[34mSELECT `users`.* FROM `users` ORDER BY `users`.`name` ASC LIMIT 25 OFFSET 25[0m
  ↳ app/views/users/index.html.erb:18
  [1m[35m (3.2ms)[0m  [1m[34mSELECT COUNT(*) FROM `users`[0m
  ↳ app/views/users/index.html.erb:36
  Rendered users/index.html.erb within layouts/application (Duration: 16.2ms | Allocations: 8807)
[Webpacker] Everything's up-to-date. Nothing to do
  Rendered layout layouts/application.html.erb (Duration: 19.4ms | Allocations: 11907)
Completed 200 OK in 21ms (Views: 16.0ms | ActiveRecord: 4.2ms | Allocations: 12376)


Started GET "/users?page=3" for ::1 at 2022-08-14 13:16:26 -0300
Processing by UsersController#index as HTML
  Parameters: {"page"=>"3"}
  Rendering layout layouts/application.html.erb
  Rendering users/index.html.erb within layouts/application
  [1m[36mUser Load (1.5ms)[0m  [1m[34mSELECT `users`.* FROM `users` ORDER BY `users`.`name` ASC LIMIT 25 OFFSET 50[0m
  ↳ app/views/users/index.html.erb:18
  [1m[35m (2.0ms)[0m  [1m[34mSELECT COUNT(*) FROM `users`[0m
  ↳ app/views/users/index.html.erb:36
  Rendered users/index.html.erb within layouts/application (Duration: 12.2ms | Allocations: 8073)
[Webpacker] Everything's up-to-date. Nothing to do
  Rendered layout layouts/application.html.erb (Duration: 15.7ms | Allocations: 11168)
Completed 200 OK in 17ms (Views: 12.7ms | ActiveRecord: 3.5ms | Allocations: 11625)


Started GET "/users.json" for ::1 at 2022-08-14 13:16:30 -0300
Processing by UsersController#index as JSON
  Rendering users/index.json.jbuilder
  [1m[36mUser Load (1.1ms)[0m  [1m[34mSELECT `users`.* FROM `users` ORDER BY `users`.`name` ASC LIMIT 25 OFFSET 0[0m
  ↳ app/views/users/index.json.jbuilder:1
  Rendered collection of users/_user.json.jbuilder [25 times] (Duration: 7.2ms | Allocations: 2106)
  Rendered users/index.json.jbuilder (Duration: 13.8ms | Allocations: 5771)
Completed 200 OK in 18ms (Views: 14.9ms | ActiveRecord: 1.1ms | Allocations: 7449)


Started GET "/users.json?page=2" for ::1 at 2022-08-14 13:16:58 -0300
Processing by UsersController#index as JSON
  Parameters: {"page"=>"2"}
  Rendering users/index.json.jbuilder
  [1m[36mUser Load (0.9ms)[0m  [1m[34mSELECT `users`.* FROM `users` ORDER BY `users`.`name` ASC LIMIT 25 OFFSET 25[0m
  ↳ app/views/users/index.json.jbuilder:1
  Rendered collection of users/_user.json.jbuilder [25 times] (Duration: 2.3ms | Allocations: 2027)
  Rendered users/index.json.jbuilder (Duration: 6.5ms | Allocations: 5493)
Completed 200 OK in 10ms (Views: 6.5ms | ActiveRecord: 0.9ms | Allocations: 5996)


Started GET "/users.json?page=3" for ::1 at 2022-08-14 13:17:04 -0300
Processing by UsersController#index as JSON
  Parameters: {"page"=>"3"}
  Rendering users/index.json.jbuilder
  [1m[36mUser Load (1.1ms)[0m  [1m[34mSELECT `users`.* FROM `users` ORDER BY `users`.`name` ASC LIMIT 25 OFFSET 50[0m
  ↳ app/views/users/index.json.jbuilder:1
  Rendered collection of users/_user.json.jbuilder [25 times] (Duration: 2.2ms | Allocations: 2027)
  Rendered users/index.json.jbuilder (Duration: 7.2ms | Allocations: 5486)
Completed 200 OK in 12ms (Views: 7.1ms | ActiveRecord: 1.1ms | Allocations: 5977)


Started GET "/users.json?page=3" for ::1 at 2022-08-14 13:17:46 -0300
Processing by UsersController#index as JSON
  Parameters: {"page"=>"3"}
  Rendering users/index.json.jbuilder
  [1m[36mUser Load (1.0ms)[0m  [1m[34mSELECT `users`.* FROM `users` LIMIT 25 OFFSET 50[0m
  ↳ app/views/users/index.json.jbuilder:1
  Rendered collection of users/_user.json.jbuilder [25 times] (Duration: 2.2ms | Allocations: 2040)
  Rendered users/index.json.jbuilder (Duration: 15.0ms | Allocations: 9410)
Completed 200 OK in 17ms (Views: 10.2ms | ActiveRecord: 5.5ms | Allocations: 10346)


Started GET "/users.json?page=3" for ::1 at 2022-08-14 13:31:16 -0300
  [1m[35m (1.3ms)[0m  [1m[34mSELECT `schema_migrations`.`version` FROM `schema_migrations` ORDER BY `schema_migrations`.`version` ASC[0m
Processing by UsersController#index as JSON
  Parameters: {"page"=>"3"}
  Rendering users/index.json.jbuilder
  [1m[36mUser Load (1.3ms)[0m  [1m[34mSELECT `users`.* FROM `users` LIMIT 25 OFFSET 50[0m
  ↳ app/views/users/index.json.jbuilder:1
  Rendered collection of users/_user.json.jbuilder [25 times] (Duration: 6.2ms | Allocations: 2134)
  Rendered users/index.json.jbuilder (Duration: 45.7ms | Allocations: 10546)
Completed 200 OK in 65ms (Views: 49.2ms | ActiveRecord: 5.3ms | Allocations: 14273)


Started GET "/users.json?page=3" for ::1 at 2022-08-14 13:31:17 -0300
Processing by UsersController#index as JSON
  Parameters: {"page"=>"3"}
  Rendering users/index.json.jbuilder
  [1m[36mUser Load (1.3ms)[0m  [1m[34mSELECT `users`.* FROM `users` LIMIT 25 OFFSET 50[0m
  ↳ app/views/users/index.json.jbuilder:1
  Rendered collection of users/_user.json.jbuilder [25 times] (Duration: 6.1ms | Allocations: 2090)
  Rendered users/index.json.jbuilder (Duration: 14.5ms | Allocations: 5737)
Completed 200 OK in 19ms (Views: 16.1ms | ActiveRecord: 1.3ms | Allocations: 7781)


